Created by PLY version 3.11 (http://www.dabeaz.com/ply)

Grammar

Rule 0     S' -> PROG
Rule 1     PROG -> CMDLIST
Rule 2     CMDLIST -> CMD
Rule 3     CMDLIST -> CMD CMDLIST
Rule 4     CMD -> CONF
Rule 5     CMD -> QRS
Rule 6     CMD -> NEW
Rule 7     CMD -> PROCS
Rule 8     CONF -> tk_import tk_table tk_id tk_from tk_file ;
Rule 9     CONF -> tk_export tk_table tk_id tk_as tk_file ;
Rule 10    CONF -> tk_discard tk_table tk_id ;
Rule 11    CONF -> tk_rename tk_table tk_id tk_id ;
Rule 12    CONF -> tk_print tk_table tk_id ;
Rule 13    QRS -> tk_select SELEC tk_from tk_id ;
Rule 14    QRS -> tk_select SELEC tk_from tk_id tk_where CONDLIST ;
Rule 15    QRS -> tk_select SELEC tk_from tk_id tk_limit tk_num ;
Rule 16    QRS -> tk_select SELEC tk_from tk_id tk_where CONDLIST tk_limit tk_num ;
Rule 17    SELEC -> *
Rule 18    SELEC -> COLLIST
Rule 19    COLLIST -> tk_id
Rule 20    COLLIST -> tk_id , COLLIST
Rule 21    CONDLIST -> COND tk_and CONDLIST
Rule 22    CONDLIST -> COND
Rule 23    COND -> tk_id OPERADOR VALOR
Rule 24    OPERADOR -> tk_operator
Rule 25    VALOR -> tk_num
Rule 26    VALOR -> tk_string
Rule 27    VALOR -> tk_num_dec
Rule 28    NEW -> tk_create tk_table tk_id QRS
Rule 29    NEW -> tk_create tk_table tk_id tk_from tk_id tk_join tk_id tk_using ( tk_id ) ;
Rule 30    PROCS -> tk_procedure tk_id tk_do CMDLIST tk_end
Rule 31    PROCS -> tk_call tk_id ;
Rule 32    PROCS -> tk_delete tk_id ;

Terminals, with rules where they appear

(                    : 29
)                    : 29
*                    : 17
,                    : 20
;                    : 8 9 10 11 12 13 14 15 16 29 31 32
error                : 
tk_and               : 21
tk_as                : 9
tk_call              : 31
tk_create            : 28 29
tk_delete            : 32
tk_discard           : 10
tk_do                : 30
tk_end               : 30
tk_export            : 9
tk_file              : 8 9
tk_from              : 8 13 14 15 16 29
tk_id                : 8 9 10 11 11 12 13 14 15 16 19 20 23 28 29 29 29 29 30 31 32
tk_import            : 8
tk_join              : 29
tk_limit             : 15 16
tk_num               : 15 16 25
tk_num_dec           : 27
tk_operator          : 24
tk_print             : 12
tk_procedure         : 30
tk_rename            : 11
tk_select            : 13 14 15 16
tk_string            : 26
tk_table             : 8 9 10 11 12 28 29
tk_using             : 29
tk_where             : 14 16

Nonterminals, with rules where they appear

CMD                  : 2 3
CMDLIST              : 1 3 30
COLLIST              : 18 20
COND                 : 21 22
CONDLIST             : 14 16 21
CONF                 : 4
NEW                  : 6
OPERADOR             : 23
PROCS                : 7
PROG                 : 0
QRS                  : 5 28
SELEC                : 13 14 15 16
VALOR                : 23

Parsing method: LALR

state 0

    (0) S' -> . PROG
    (1) PROG -> . CMDLIST
    (2) CMDLIST -> . CMD
    (3) CMDLIST -> . CMD CMDLIST
    (4) CMD -> . CONF
    (5) CMD -> . QRS
    (6) CMD -> . NEW
    (7) CMD -> . PROCS
    (8) CONF -> . tk_import tk_table tk_id tk_from tk_file ;
    (9) CONF -> . tk_export tk_table tk_id tk_as tk_file ;
    (10) CONF -> . tk_discard tk_table tk_id ;
    (11) CONF -> . tk_rename tk_table tk_id tk_id ;
    (12) CONF -> . tk_print tk_table tk_id ;
    (13) QRS -> . tk_select SELEC tk_from tk_id ;
    (14) QRS -> . tk_select SELEC tk_from tk_id tk_where CONDLIST ;
    (15) QRS -> . tk_select SELEC tk_from tk_id tk_limit tk_num ;
    (16) QRS -> . tk_select SELEC tk_from tk_id tk_where CONDLIST tk_limit tk_num ;
    (28) NEW -> . tk_create tk_table tk_id QRS
    (29) NEW -> . tk_create tk_table tk_id tk_from tk_id tk_join tk_id tk_using ( tk_id ) ;
    (30) PROCS -> . tk_procedure tk_id tk_do CMDLIST tk_end
    (31) PROCS -> . tk_call tk_id ;
    (32) PROCS -> . tk_delete tk_id ;

    tk_import       shift and go to state 8
    tk_export       shift and go to state 9
    tk_discard      shift and go to state 10
    tk_rename       shift and go to state 11
    tk_print        shift and go to state 12
    tk_select       shift and go to state 13
    tk_create       shift and go to state 14
    tk_procedure    shift and go to state 15
    tk_call         shift and go to state 16
    tk_delete       shift and go to state 17

    PROG                           shift and go to state 1
    CMDLIST                        shift and go to state 2
    CMD                            shift and go to state 3
    CONF                           shift and go to state 4
    QRS                            shift and go to state 5
    NEW                            shift and go to state 6
    PROCS                          shift and go to state 7

state 1

    (0) S' -> PROG .



state 2

    (1) PROG -> CMDLIST .

    $end            reduce using rule 1 (PROG -> CMDLIST .)


state 3

    (2) CMDLIST -> CMD .
    (3) CMDLIST -> CMD . CMDLIST
    (2) CMDLIST -> . CMD
    (3) CMDLIST -> . CMD CMDLIST
    (4) CMD -> . CONF
    (5) CMD -> . QRS
    (6) CMD -> . NEW
    (7) CMD -> . PROCS
    (8) CONF -> . tk_import tk_table tk_id tk_from tk_file ;
    (9) CONF -> . tk_export tk_table tk_id tk_as tk_file ;
    (10) CONF -> . tk_discard tk_table tk_id ;
    (11) CONF -> . tk_rename tk_table tk_id tk_id ;
    (12) CONF -> . tk_print tk_table tk_id ;
    (13) QRS -> . tk_select SELEC tk_from tk_id ;
    (14) QRS -> . tk_select SELEC tk_from tk_id tk_where CONDLIST ;
    (15) QRS -> . tk_select SELEC tk_from tk_id tk_limit tk_num ;
    (16) QRS -> . tk_select SELEC tk_from tk_id tk_where CONDLIST tk_limit tk_num ;
    (28) NEW -> . tk_create tk_table tk_id QRS
    (29) NEW -> . tk_create tk_table tk_id tk_from tk_id tk_join tk_id tk_using ( tk_id ) ;
    (30) PROCS -> . tk_procedure tk_id tk_do CMDLIST tk_end
    (31) PROCS -> . tk_call tk_id ;
    (32) PROCS -> . tk_delete tk_id ;

    $end            reduce using rule 2 (CMDLIST -> CMD .)
    tk_end          reduce using rule 2 (CMDLIST -> CMD .)
    tk_import       shift and go to state 8
    tk_export       shift and go to state 9
    tk_discard      shift and go to state 10
    tk_rename       shift and go to state 11
    tk_print        shift and go to state 12
    tk_select       shift and go to state 13
    tk_create       shift and go to state 14
    tk_procedure    shift and go to state 15
    tk_call         shift and go to state 16
    tk_delete       shift and go to state 17

    CMD                            shift and go to state 3
    CMDLIST                        shift and go to state 18
    CONF                           shift and go to state 4
    QRS                            shift and go to state 5
    NEW                            shift and go to state 6
    PROCS                          shift and go to state 7

state 4

    (4) CMD -> CONF .

    tk_import       reduce using rule 4 (CMD -> CONF .)
    tk_export       reduce using rule 4 (CMD -> CONF .)
    tk_discard      reduce using rule 4 (CMD -> CONF .)
    tk_rename       reduce using rule 4 (CMD -> CONF .)
    tk_print        reduce using rule 4 (CMD -> CONF .)
    tk_select       reduce using rule 4 (CMD -> CONF .)
    tk_create       reduce using rule 4 (CMD -> CONF .)
    tk_procedure    reduce using rule 4 (CMD -> CONF .)
    tk_call         reduce using rule 4 (CMD -> CONF .)
    tk_delete       reduce using rule 4 (CMD -> CONF .)
    $end            reduce using rule 4 (CMD -> CONF .)
    tk_end          reduce using rule 4 (CMD -> CONF .)


state 5

    (5) CMD -> QRS .

    tk_import       reduce using rule 5 (CMD -> QRS .)
    tk_export       reduce using rule 5 (CMD -> QRS .)
    tk_discard      reduce using rule 5 (CMD -> QRS .)
    tk_rename       reduce using rule 5 (CMD -> QRS .)
    tk_print        reduce using rule 5 (CMD -> QRS .)
    tk_select       reduce using rule 5 (CMD -> QRS .)
    tk_create       reduce using rule 5 (CMD -> QRS .)
    tk_procedure    reduce using rule 5 (CMD -> QRS .)
    tk_call         reduce using rule 5 (CMD -> QRS .)
    tk_delete       reduce using rule 5 (CMD -> QRS .)
    $end            reduce using rule 5 (CMD -> QRS .)
    tk_end          reduce using rule 5 (CMD -> QRS .)


state 6

    (6) CMD -> NEW .

    tk_import       reduce using rule 6 (CMD -> NEW .)
    tk_export       reduce using rule 6 (CMD -> NEW .)
    tk_discard      reduce using rule 6 (CMD -> NEW .)
    tk_rename       reduce using rule 6 (CMD -> NEW .)
    tk_print        reduce using rule 6 (CMD -> NEW .)
    tk_select       reduce using rule 6 (CMD -> NEW .)
    tk_create       reduce using rule 6 (CMD -> NEW .)
    tk_procedure    reduce using rule 6 (CMD -> NEW .)
    tk_call         reduce using rule 6 (CMD -> NEW .)
    tk_delete       reduce using rule 6 (CMD -> NEW .)
    $end            reduce using rule 6 (CMD -> NEW .)
    tk_end          reduce using rule 6 (CMD -> NEW .)


state 7

    (7) CMD -> PROCS .

    tk_import       reduce using rule 7 (CMD -> PROCS .)
    tk_export       reduce using rule 7 (CMD -> PROCS .)
    tk_discard      reduce using rule 7 (CMD -> PROCS .)
    tk_rename       reduce using rule 7 (CMD -> PROCS .)
    tk_print        reduce using rule 7 (CMD -> PROCS .)
    tk_select       reduce using rule 7 (CMD -> PROCS .)
    tk_create       reduce using rule 7 (CMD -> PROCS .)
    tk_procedure    reduce using rule 7 (CMD -> PROCS .)
    tk_call         reduce using rule 7 (CMD -> PROCS .)
    tk_delete       reduce using rule 7 (CMD -> PROCS .)
    $end            reduce using rule 7 (CMD -> PROCS .)
    tk_end          reduce using rule 7 (CMD -> PROCS .)


state 8

    (8) CONF -> tk_import . tk_table tk_id tk_from tk_file ;

    tk_table        shift and go to state 19


state 9

    (9) CONF -> tk_export . tk_table tk_id tk_as tk_file ;

    tk_table        shift and go to state 20


state 10

    (10) CONF -> tk_discard . tk_table tk_id ;

    tk_table        shift and go to state 21


state 11

    (11) CONF -> tk_rename . tk_table tk_id tk_id ;

    tk_table        shift and go to state 22


state 12

    (12) CONF -> tk_print . tk_table tk_id ;

    tk_table        shift and go to state 23


state 13

    (13) QRS -> tk_select . SELEC tk_from tk_id ;
    (14) QRS -> tk_select . SELEC tk_from tk_id tk_where CONDLIST ;
    (15) QRS -> tk_select . SELEC tk_from tk_id tk_limit tk_num ;
    (16) QRS -> tk_select . SELEC tk_from tk_id tk_where CONDLIST tk_limit tk_num ;
    (17) SELEC -> . *
    (18) SELEC -> . COLLIST
    (19) COLLIST -> . tk_id
    (20) COLLIST -> . tk_id , COLLIST

    *               shift and go to state 26
    tk_id           shift and go to state 25

    SELEC                          shift and go to state 24
    COLLIST                        shift and go to state 27

state 14

    (28) NEW -> tk_create . tk_table tk_id QRS
    (29) NEW -> tk_create . tk_table tk_id tk_from tk_id tk_join tk_id tk_using ( tk_id ) ;

    tk_table        shift and go to state 28


state 15

    (30) PROCS -> tk_procedure . tk_id tk_do CMDLIST tk_end

    tk_id           shift and go to state 29


state 16

    (31) PROCS -> tk_call . tk_id ;

    tk_id           shift and go to state 30


state 17

    (32) PROCS -> tk_delete . tk_id ;

    tk_id           shift and go to state 31


state 18

    (3) CMDLIST -> CMD CMDLIST .

    $end            reduce using rule 3 (CMDLIST -> CMD CMDLIST .)
    tk_end          reduce using rule 3 (CMDLIST -> CMD CMDLIST .)


state 19

    (8) CONF -> tk_import tk_table . tk_id tk_from tk_file ;

    tk_id           shift and go to state 32


state 20

    (9) CONF -> tk_export tk_table . tk_id tk_as tk_file ;

    tk_id           shift and go to state 33


state 21

    (10) CONF -> tk_discard tk_table . tk_id ;

    tk_id           shift and go to state 34


state 22

    (11) CONF -> tk_rename tk_table . tk_id tk_id ;

    tk_id           shift and go to state 35


state 23

    (12) CONF -> tk_print tk_table . tk_id ;

    tk_id           shift and go to state 36


state 24

    (13) QRS -> tk_select SELEC . tk_from tk_id ;
    (14) QRS -> tk_select SELEC . tk_from tk_id tk_where CONDLIST ;
    (15) QRS -> tk_select SELEC . tk_from tk_id tk_limit tk_num ;
    (16) QRS -> tk_select SELEC . tk_from tk_id tk_where CONDLIST tk_limit tk_num ;

    tk_from         shift and go to state 37


state 25

    (19) COLLIST -> tk_id .
    (20) COLLIST -> tk_id . , COLLIST

    tk_from         reduce using rule 19 (COLLIST -> tk_id .)
    ,               shift and go to state 38


state 26

    (17) SELEC -> * .

    tk_from         reduce using rule 17 (SELEC -> * .)


state 27

    (18) SELEC -> COLLIST .

    tk_from         reduce using rule 18 (SELEC -> COLLIST .)


state 28

    (28) NEW -> tk_create tk_table . tk_id QRS
    (29) NEW -> tk_create tk_table . tk_id tk_from tk_id tk_join tk_id tk_using ( tk_id ) ;

    tk_id           shift and go to state 39


state 29

    (30) PROCS -> tk_procedure tk_id . tk_do CMDLIST tk_end

    tk_do           shift and go to state 40


state 30

    (31) PROCS -> tk_call tk_id . ;

    ;               shift and go to state 41


state 31

    (32) PROCS -> tk_delete tk_id . ;

    ;               shift and go to state 42


state 32

    (8) CONF -> tk_import tk_table tk_id . tk_from tk_file ;

    tk_from         shift and go to state 43


state 33

    (9) CONF -> tk_export tk_table tk_id . tk_as tk_file ;

    tk_as           shift and go to state 44


state 34

    (10) CONF -> tk_discard tk_table tk_id . ;

    ;               shift and go to state 45


state 35

    (11) CONF -> tk_rename tk_table tk_id . tk_id ;

    tk_id           shift and go to state 46


state 36

    (12) CONF -> tk_print tk_table tk_id . ;

    ;               shift and go to state 47


state 37

    (13) QRS -> tk_select SELEC tk_from . tk_id ;
    (14) QRS -> tk_select SELEC tk_from . tk_id tk_where CONDLIST ;
    (15) QRS -> tk_select SELEC tk_from . tk_id tk_limit tk_num ;
    (16) QRS -> tk_select SELEC tk_from . tk_id tk_where CONDLIST tk_limit tk_num ;

    tk_id           shift and go to state 48


state 38

    (20) COLLIST -> tk_id , . COLLIST
    (19) COLLIST -> . tk_id
    (20) COLLIST -> . tk_id , COLLIST

    tk_id           shift and go to state 25

    COLLIST                        shift and go to state 49

state 39

    (28) NEW -> tk_create tk_table tk_id . QRS
    (29) NEW -> tk_create tk_table tk_id . tk_from tk_id tk_join tk_id tk_using ( tk_id ) ;
    (13) QRS -> . tk_select SELEC tk_from tk_id ;
    (14) QRS -> . tk_select SELEC tk_from tk_id tk_where CONDLIST ;
    (15) QRS -> . tk_select SELEC tk_from tk_id tk_limit tk_num ;
    (16) QRS -> . tk_select SELEC tk_from tk_id tk_where CONDLIST tk_limit tk_num ;

    tk_from         shift and go to state 51
    tk_select       shift and go to state 13

    QRS                            shift and go to state 50

state 40

    (30) PROCS -> tk_procedure tk_id tk_do . CMDLIST tk_end
    (2) CMDLIST -> . CMD
    (3) CMDLIST -> . CMD CMDLIST
    (4) CMD -> . CONF
    (5) CMD -> . QRS
    (6) CMD -> . NEW
    (7) CMD -> . PROCS
    (8) CONF -> . tk_import tk_table tk_id tk_from tk_file ;
    (9) CONF -> . tk_export tk_table tk_id tk_as tk_file ;
    (10) CONF -> . tk_discard tk_table tk_id ;
    (11) CONF -> . tk_rename tk_table tk_id tk_id ;
    (12) CONF -> . tk_print tk_table tk_id ;
    (13) QRS -> . tk_select SELEC tk_from tk_id ;
    (14) QRS -> . tk_select SELEC tk_from tk_id tk_where CONDLIST ;
    (15) QRS -> . tk_select SELEC tk_from tk_id tk_limit tk_num ;
    (16) QRS -> . tk_select SELEC tk_from tk_id tk_where CONDLIST tk_limit tk_num ;
    (28) NEW -> . tk_create tk_table tk_id QRS
    (29) NEW -> . tk_create tk_table tk_id tk_from tk_id tk_join tk_id tk_using ( tk_id ) ;
    (30) PROCS -> . tk_procedure tk_id tk_do CMDLIST tk_end
    (31) PROCS -> . tk_call tk_id ;
    (32) PROCS -> . tk_delete tk_id ;

    tk_import       shift and go to state 8
    tk_export       shift and go to state 9
    tk_discard      shift and go to state 10
    tk_rename       shift and go to state 11
    tk_print        shift and go to state 12
    tk_select       shift and go to state 13
    tk_create       shift and go to state 14
    tk_procedure    shift and go to state 15
    tk_call         shift and go to state 16
    tk_delete       shift and go to state 17

    CMDLIST                        shift and go to state 52
    CMD                            shift and go to state 3
    CONF                           shift and go to state 4
    QRS                            shift and go to state 5
    NEW                            shift and go to state 6
    PROCS                          shift and go to state 7

state 41

    (31) PROCS -> tk_call tk_id ; .

    tk_import       reduce using rule 31 (PROCS -> tk_call tk_id ; .)
    tk_export       reduce using rule 31 (PROCS -> tk_call tk_id ; .)
    tk_discard      reduce using rule 31 (PROCS -> tk_call tk_id ; .)
    tk_rename       reduce using rule 31 (PROCS -> tk_call tk_id ; .)
    tk_print        reduce using rule 31 (PROCS -> tk_call tk_id ; .)
    tk_select       reduce using rule 31 (PROCS -> tk_call tk_id ; .)
    tk_create       reduce using rule 31 (PROCS -> tk_call tk_id ; .)
    tk_procedure    reduce using rule 31 (PROCS -> tk_call tk_id ; .)
    tk_call         reduce using rule 31 (PROCS -> tk_call tk_id ; .)
    tk_delete       reduce using rule 31 (PROCS -> tk_call tk_id ; .)
    $end            reduce using rule 31 (PROCS -> tk_call tk_id ; .)
    tk_end          reduce using rule 31 (PROCS -> tk_call tk_id ; .)


state 42

    (32) PROCS -> tk_delete tk_id ; .

    tk_import       reduce using rule 32 (PROCS -> tk_delete tk_id ; .)
    tk_export       reduce using rule 32 (PROCS -> tk_delete tk_id ; .)
    tk_discard      reduce using rule 32 (PROCS -> tk_delete tk_id ; .)
    tk_rename       reduce using rule 32 (PROCS -> tk_delete tk_id ; .)
    tk_print        reduce using rule 32 (PROCS -> tk_delete tk_id ; .)
    tk_select       reduce using rule 32 (PROCS -> tk_delete tk_id ; .)
    tk_create       reduce using rule 32 (PROCS -> tk_delete tk_id ; .)
    tk_procedure    reduce using rule 32 (PROCS -> tk_delete tk_id ; .)
    tk_call         reduce using rule 32 (PROCS -> tk_delete tk_id ; .)
    tk_delete       reduce using rule 32 (PROCS -> tk_delete tk_id ; .)
    $end            reduce using rule 32 (PROCS -> tk_delete tk_id ; .)
    tk_end          reduce using rule 32 (PROCS -> tk_delete tk_id ; .)


state 43

    (8) CONF -> tk_import tk_table tk_id tk_from . tk_file ;

    tk_file         shift and go to state 53


state 44

    (9) CONF -> tk_export tk_table tk_id tk_as . tk_file ;

    tk_file         shift and go to state 54


state 45

    (10) CONF -> tk_discard tk_table tk_id ; .

    tk_import       reduce using rule 10 (CONF -> tk_discard tk_table tk_id ; .)
    tk_export       reduce using rule 10 (CONF -> tk_discard tk_table tk_id ; .)
    tk_discard      reduce using rule 10 (CONF -> tk_discard tk_table tk_id ; .)
    tk_rename       reduce using rule 10 (CONF -> tk_discard tk_table tk_id ; .)
    tk_print        reduce using rule 10 (CONF -> tk_discard tk_table tk_id ; .)
    tk_select       reduce using rule 10 (CONF -> tk_discard tk_table tk_id ; .)
    tk_create       reduce using rule 10 (CONF -> tk_discard tk_table tk_id ; .)
    tk_procedure    reduce using rule 10 (CONF -> tk_discard tk_table tk_id ; .)
    tk_call         reduce using rule 10 (CONF -> tk_discard tk_table tk_id ; .)
    tk_delete       reduce using rule 10 (CONF -> tk_discard tk_table tk_id ; .)
    $end            reduce using rule 10 (CONF -> tk_discard tk_table tk_id ; .)
    tk_end          reduce using rule 10 (CONF -> tk_discard tk_table tk_id ; .)


state 46

    (11) CONF -> tk_rename tk_table tk_id tk_id . ;

    ;               shift and go to state 55


state 47

    (12) CONF -> tk_print tk_table tk_id ; .

    tk_import       reduce using rule 12 (CONF -> tk_print tk_table tk_id ; .)
    tk_export       reduce using rule 12 (CONF -> tk_print tk_table tk_id ; .)
    tk_discard      reduce using rule 12 (CONF -> tk_print tk_table tk_id ; .)
    tk_rename       reduce using rule 12 (CONF -> tk_print tk_table tk_id ; .)
    tk_print        reduce using rule 12 (CONF -> tk_print tk_table tk_id ; .)
    tk_select       reduce using rule 12 (CONF -> tk_print tk_table tk_id ; .)
    tk_create       reduce using rule 12 (CONF -> tk_print tk_table tk_id ; .)
    tk_procedure    reduce using rule 12 (CONF -> tk_print tk_table tk_id ; .)
    tk_call         reduce using rule 12 (CONF -> tk_print tk_table tk_id ; .)
    tk_delete       reduce using rule 12 (CONF -> tk_print tk_table tk_id ; .)
    $end            reduce using rule 12 (CONF -> tk_print tk_table tk_id ; .)
    tk_end          reduce using rule 12 (CONF -> tk_print tk_table tk_id ; .)


state 48

    (13) QRS -> tk_select SELEC tk_from tk_id . ;
    (14) QRS -> tk_select SELEC tk_from tk_id . tk_where CONDLIST ;
    (15) QRS -> tk_select SELEC tk_from tk_id . tk_limit tk_num ;
    (16) QRS -> tk_select SELEC tk_from tk_id . tk_where CONDLIST tk_limit tk_num ;

    ;               shift and go to state 56
    tk_where        shift and go to state 57
    tk_limit        shift and go to state 58


state 49

    (20) COLLIST -> tk_id , COLLIST .

    tk_from         reduce using rule 20 (COLLIST -> tk_id , COLLIST .)


state 50

    (28) NEW -> tk_create tk_table tk_id QRS .

    tk_import       reduce using rule 28 (NEW -> tk_create tk_table tk_id QRS .)
    tk_export       reduce using rule 28 (NEW -> tk_create tk_table tk_id QRS .)
    tk_discard      reduce using rule 28 (NEW -> tk_create tk_table tk_id QRS .)
    tk_rename       reduce using rule 28 (NEW -> tk_create tk_table tk_id QRS .)
    tk_print        reduce using rule 28 (NEW -> tk_create tk_table tk_id QRS .)
    tk_select       reduce using rule 28 (NEW -> tk_create tk_table tk_id QRS .)
    tk_create       reduce using rule 28 (NEW -> tk_create tk_table tk_id QRS .)
    tk_procedure    reduce using rule 28 (NEW -> tk_create tk_table tk_id QRS .)
    tk_call         reduce using rule 28 (NEW -> tk_create tk_table tk_id QRS .)
    tk_delete       reduce using rule 28 (NEW -> tk_create tk_table tk_id QRS .)
    $end            reduce using rule 28 (NEW -> tk_create tk_table tk_id QRS .)
    tk_end          reduce using rule 28 (NEW -> tk_create tk_table tk_id QRS .)


state 51

    (29) NEW -> tk_create tk_table tk_id tk_from . tk_id tk_join tk_id tk_using ( tk_id ) ;

    tk_id           shift and go to state 59


state 52

    (30) PROCS -> tk_procedure tk_id tk_do CMDLIST . tk_end

    tk_end          shift and go to state 60


state 53

    (8) CONF -> tk_import tk_table tk_id tk_from tk_file . ;

    ;               shift and go to state 61


state 54

    (9) CONF -> tk_export tk_table tk_id tk_as tk_file . ;

    ;               shift and go to state 62


state 55

    (11) CONF -> tk_rename tk_table tk_id tk_id ; .

    tk_import       reduce using rule 11 (CONF -> tk_rename tk_table tk_id tk_id ; .)
    tk_export       reduce using rule 11 (CONF -> tk_rename tk_table tk_id tk_id ; .)
    tk_discard      reduce using rule 11 (CONF -> tk_rename tk_table tk_id tk_id ; .)
    tk_rename       reduce using rule 11 (CONF -> tk_rename tk_table tk_id tk_id ; .)
    tk_print        reduce using rule 11 (CONF -> tk_rename tk_table tk_id tk_id ; .)
    tk_select       reduce using rule 11 (CONF -> tk_rename tk_table tk_id tk_id ; .)
    tk_create       reduce using rule 11 (CONF -> tk_rename tk_table tk_id tk_id ; .)
    tk_procedure    reduce using rule 11 (CONF -> tk_rename tk_table tk_id tk_id ; .)
    tk_call         reduce using rule 11 (CONF -> tk_rename tk_table tk_id tk_id ; .)
    tk_delete       reduce using rule 11 (CONF -> tk_rename tk_table tk_id tk_id ; .)
    $end            reduce using rule 11 (CONF -> tk_rename tk_table tk_id tk_id ; .)
    tk_end          reduce using rule 11 (CONF -> tk_rename tk_table tk_id tk_id ; .)


state 56

    (13) QRS -> tk_select SELEC tk_from tk_id ; .

    tk_import       reduce using rule 13 (QRS -> tk_select SELEC tk_from tk_id ; .)
    tk_export       reduce using rule 13 (QRS -> tk_select SELEC tk_from tk_id ; .)
    tk_discard      reduce using rule 13 (QRS -> tk_select SELEC tk_from tk_id ; .)
    tk_rename       reduce using rule 13 (QRS -> tk_select SELEC tk_from tk_id ; .)
    tk_print        reduce using rule 13 (QRS -> tk_select SELEC tk_from tk_id ; .)
    tk_select       reduce using rule 13 (QRS -> tk_select SELEC tk_from tk_id ; .)
    tk_create       reduce using rule 13 (QRS -> tk_select SELEC tk_from tk_id ; .)
    tk_procedure    reduce using rule 13 (QRS -> tk_select SELEC tk_from tk_id ; .)
    tk_call         reduce using rule 13 (QRS -> tk_select SELEC tk_from tk_id ; .)
    tk_delete       reduce using rule 13 (QRS -> tk_select SELEC tk_from tk_id ; .)
    $end            reduce using rule 13 (QRS -> tk_select SELEC tk_from tk_id ; .)
    tk_end          reduce using rule 13 (QRS -> tk_select SELEC tk_from tk_id ; .)


state 57

    (14) QRS -> tk_select SELEC tk_from tk_id tk_where . CONDLIST ;
    (16) QRS -> tk_select SELEC tk_from tk_id tk_where . CONDLIST tk_limit tk_num ;
    (21) CONDLIST -> . COND tk_and CONDLIST
    (22) CONDLIST -> . COND
    (23) COND -> . tk_id OPERADOR VALOR

    tk_id           shift and go to state 63

    CONDLIST                       shift and go to state 64
    COND                           shift and go to state 65

state 58

    (15) QRS -> tk_select SELEC tk_from tk_id tk_limit . tk_num ;

    tk_num          shift and go to state 66


state 59

    (29) NEW -> tk_create tk_table tk_id tk_from tk_id . tk_join tk_id tk_using ( tk_id ) ;

    tk_join         shift and go to state 67


state 60

    (30) PROCS -> tk_procedure tk_id tk_do CMDLIST tk_end .

    tk_import       reduce using rule 30 (PROCS -> tk_procedure tk_id tk_do CMDLIST tk_end .)
    tk_export       reduce using rule 30 (PROCS -> tk_procedure tk_id tk_do CMDLIST tk_end .)
    tk_discard      reduce using rule 30 (PROCS -> tk_procedure tk_id tk_do CMDLIST tk_end .)
    tk_rename       reduce using rule 30 (PROCS -> tk_procedure tk_id tk_do CMDLIST tk_end .)
    tk_print        reduce using rule 30 (PROCS -> tk_procedure tk_id tk_do CMDLIST tk_end .)
    tk_select       reduce using rule 30 (PROCS -> tk_procedure tk_id tk_do CMDLIST tk_end .)
    tk_create       reduce using rule 30 (PROCS -> tk_procedure tk_id tk_do CMDLIST tk_end .)
    tk_procedure    reduce using rule 30 (PROCS -> tk_procedure tk_id tk_do CMDLIST tk_end .)
    tk_call         reduce using rule 30 (PROCS -> tk_procedure tk_id tk_do CMDLIST tk_end .)
    tk_delete       reduce using rule 30 (PROCS -> tk_procedure tk_id tk_do CMDLIST tk_end .)
    $end            reduce using rule 30 (PROCS -> tk_procedure tk_id tk_do CMDLIST tk_end .)
    tk_end          reduce using rule 30 (PROCS -> tk_procedure tk_id tk_do CMDLIST tk_end .)


state 61

    (8) CONF -> tk_import tk_table tk_id tk_from tk_file ; .

    tk_import       reduce using rule 8 (CONF -> tk_import tk_table tk_id tk_from tk_file ; .)
    tk_export       reduce using rule 8 (CONF -> tk_import tk_table tk_id tk_from tk_file ; .)
    tk_discard      reduce using rule 8 (CONF -> tk_import tk_table tk_id tk_from tk_file ; .)
    tk_rename       reduce using rule 8 (CONF -> tk_import tk_table tk_id tk_from tk_file ; .)
    tk_print        reduce using rule 8 (CONF -> tk_import tk_table tk_id tk_from tk_file ; .)
    tk_select       reduce using rule 8 (CONF -> tk_import tk_table tk_id tk_from tk_file ; .)
    tk_create       reduce using rule 8 (CONF -> tk_import tk_table tk_id tk_from tk_file ; .)
    tk_procedure    reduce using rule 8 (CONF -> tk_import tk_table tk_id tk_from tk_file ; .)
    tk_call         reduce using rule 8 (CONF -> tk_import tk_table tk_id tk_from tk_file ; .)
    tk_delete       reduce using rule 8 (CONF -> tk_import tk_table tk_id tk_from tk_file ; .)
    $end            reduce using rule 8 (CONF -> tk_import tk_table tk_id tk_from tk_file ; .)
    tk_end          reduce using rule 8 (CONF -> tk_import tk_table tk_id tk_from tk_file ; .)


state 62

    (9) CONF -> tk_export tk_table tk_id tk_as tk_file ; .

    tk_import       reduce using rule 9 (CONF -> tk_export tk_table tk_id tk_as tk_file ; .)
    tk_export       reduce using rule 9 (CONF -> tk_export tk_table tk_id tk_as tk_file ; .)
    tk_discard      reduce using rule 9 (CONF -> tk_export tk_table tk_id tk_as tk_file ; .)
    tk_rename       reduce using rule 9 (CONF -> tk_export tk_table tk_id tk_as tk_file ; .)
    tk_print        reduce using rule 9 (CONF -> tk_export tk_table tk_id tk_as tk_file ; .)
    tk_select       reduce using rule 9 (CONF -> tk_export tk_table tk_id tk_as tk_file ; .)
    tk_create       reduce using rule 9 (CONF -> tk_export tk_table tk_id tk_as tk_file ; .)
    tk_procedure    reduce using rule 9 (CONF -> tk_export tk_table tk_id tk_as tk_file ; .)
    tk_call         reduce using rule 9 (CONF -> tk_export tk_table tk_id tk_as tk_file ; .)
    tk_delete       reduce using rule 9 (CONF -> tk_export tk_table tk_id tk_as tk_file ; .)
    $end            reduce using rule 9 (CONF -> tk_export tk_table tk_id tk_as tk_file ; .)
    tk_end          reduce using rule 9 (CONF -> tk_export tk_table tk_id tk_as tk_file ; .)


state 63

    (23) COND -> tk_id . OPERADOR VALOR
    (24) OPERADOR -> . tk_operator

    tk_operator     shift and go to state 69

    OPERADOR                       shift and go to state 68

state 64

    (14) QRS -> tk_select SELEC tk_from tk_id tk_where CONDLIST . ;
    (16) QRS -> tk_select SELEC tk_from tk_id tk_where CONDLIST . tk_limit tk_num ;

    ;               shift and go to state 70
    tk_limit        shift and go to state 71


state 65

    (21) CONDLIST -> COND . tk_and CONDLIST
    (22) CONDLIST -> COND .

    tk_and          shift and go to state 72
    ;               reduce using rule 22 (CONDLIST -> COND .)
    tk_limit        reduce using rule 22 (CONDLIST -> COND .)


state 66

    (15) QRS -> tk_select SELEC tk_from tk_id tk_limit tk_num . ;

    ;               shift and go to state 73


state 67

    (29) NEW -> tk_create tk_table tk_id tk_from tk_id tk_join . tk_id tk_using ( tk_id ) ;

    tk_id           shift and go to state 74


state 68

    (23) COND -> tk_id OPERADOR . VALOR
    (25) VALOR -> . tk_num
    (26) VALOR -> . tk_string
    (27) VALOR -> . tk_num_dec

    tk_num          shift and go to state 76
    tk_string       shift and go to state 77
    tk_num_dec      shift and go to state 78

    VALOR                          shift and go to state 75

state 69

    (24) OPERADOR -> tk_operator .

    tk_num          reduce using rule 24 (OPERADOR -> tk_operator .)
    tk_string       reduce using rule 24 (OPERADOR -> tk_operator .)
    tk_num_dec      reduce using rule 24 (OPERADOR -> tk_operator .)


state 70

    (14) QRS -> tk_select SELEC tk_from tk_id tk_where CONDLIST ; .

    tk_import       reduce using rule 14 (QRS -> tk_select SELEC tk_from tk_id tk_where CONDLIST ; .)
    tk_export       reduce using rule 14 (QRS -> tk_select SELEC tk_from tk_id tk_where CONDLIST ; .)
    tk_discard      reduce using rule 14 (QRS -> tk_select SELEC tk_from tk_id tk_where CONDLIST ; .)
    tk_rename       reduce using rule 14 (QRS -> tk_select SELEC tk_from tk_id tk_where CONDLIST ; .)
    tk_print        reduce using rule 14 (QRS -> tk_select SELEC tk_from tk_id tk_where CONDLIST ; .)
    tk_select       reduce using rule 14 (QRS -> tk_select SELEC tk_from tk_id tk_where CONDLIST ; .)
    tk_create       reduce using rule 14 (QRS -> tk_select SELEC tk_from tk_id tk_where CONDLIST ; .)
    tk_procedure    reduce using rule 14 (QRS -> tk_select SELEC tk_from tk_id tk_where CONDLIST ; .)
    tk_call         reduce using rule 14 (QRS -> tk_select SELEC tk_from tk_id tk_where CONDLIST ; .)
    tk_delete       reduce using rule 14 (QRS -> tk_select SELEC tk_from tk_id tk_where CONDLIST ; .)
    $end            reduce using rule 14 (QRS -> tk_select SELEC tk_from tk_id tk_where CONDLIST ; .)
    tk_end          reduce using rule 14 (QRS -> tk_select SELEC tk_from tk_id tk_where CONDLIST ; .)


state 71

    (16) QRS -> tk_select SELEC tk_from tk_id tk_where CONDLIST tk_limit . tk_num ;

    tk_num          shift and go to state 79


state 72

    (21) CONDLIST -> COND tk_and . CONDLIST
    (21) CONDLIST -> . COND tk_and CONDLIST
    (22) CONDLIST -> . COND
    (23) COND -> . tk_id OPERADOR VALOR

    tk_id           shift and go to state 63

    COND                           shift and go to state 65
    CONDLIST                       shift and go to state 80

state 73

    (15) QRS -> tk_select SELEC tk_from tk_id tk_limit tk_num ; .

    tk_import       reduce using rule 15 (QRS -> tk_select SELEC tk_from tk_id tk_limit tk_num ; .)
    tk_export       reduce using rule 15 (QRS -> tk_select SELEC tk_from tk_id tk_limit tk_num ; .)
    tk_discard      reduce using rule 15 (QRS -> tk_select SELEC tk_from tk_id tk_limit tk_num ; .)
    tk_rename       reduce using rule 15 (QRS -> tk_select SELEC tk_from tk_id tk_limit tk_num ; .)
    tk_print        reduce using rule 15 (QRS -> tk_select SELEC tk_from tk_id tk_limit tk_num ; .)
    tk_select       reduce using rule 15 (QRS -> tk_select SELEC tk_from tk_id tk_limit tk_num ; .)
    tk_create       reduce using rule 15 (QRS -> tk_select SELEC tk_from tk_id tk_limit tk_num ; .)
    tk_procedure    reduce using rule 15 (QRS -> tk_select SELEC tk_from tk_id tk_limit tk_num ; .)
    tk_call         reduce using rule 15 (QRS -> tk_select SELEC tk_from tk_id tk_limit tk_num ; .)
    tk_delete       reduce using rule 15 (QRS -> tk_select SELEC tk_from tk_id tk_limit tk_num ; .)
    $end            reduce using rule 15 (QRS -> tk_select SELEC tk_from tk_id tk_limit tk_num ; .)
    tk_end          reduce using rule 15 (QRS -> tk_select SELEC tk_from tk_id tk_limit tk_num ; .)


state 74

    (29) NEW -> tk_create tk_table tk_id tk_from tk_id tk_join tk_id . tk_using ( tk_id ) ;

    tk_using        shift and go to state 81


state 75

    (23) COND -> tk_id OPERADOR VALOR .

    tk_and          reduce using rule 23 (COND -> tk_id OPERADOR VALOR .)
    ;               reduce using rule 23 (COND -> tk_id OPERADOR VALOR .)
    tk_limit        reduce using rule 23 (COND -> tk_id OPERADOR VALOR .)


state 76

    (25) VALOR -> tk_num .

    tk_and          reduce using rule 25 (VALOR -> tk_num .)
    ;               reduce using rule 25 (VALOR -> tk_num .)
    tk_limit        reduce using rule 25 (VALOR -> tk_num .)


state 77

    (26) VALOR -> tk_string .

    tk_and          reduce using rule 26 (VALOR -> tk_string .)
    ;               reduce using rule 26 (VALOR -> tk_string .)
    tk_limit        reduce using rule 26 (VALOR -> tk_string .)


state 78

    (27) VALOR -> tk_num_dec .

    tk_and          reduce using rule 27 (VALOR -> tk_num_dec .)
    ;               reduce using rule 27 (VALOR -> tk_num_dec .)
    tk_limit        reduce using rule 27 (VALOR -> tk_num_dec .)


state 79

    (16) QRS -> tk_select SELEC tk_from tk_id tk_where CONDLIST tk_limit tk_num . ;

    ;               shift and go to state 82


state 80

    (21) CONDLIST -> COND tk_and CONDLIST .

    ;               reduce using rule 21 (CONDLIST -> COND tk_and CONDLIST .)
    tk_limit        reduce using rule 21 (CONDLIST -> COND tk_and CONDLIST .)


state 81

    (29) NEW -> tk_create tk_table tk_id tk_from tk_id tk_join tk_id tk_using . ( tk_id ) ;

    (               shift and go to state 83


state 82

    (16) QRS -> tk_select SELEC tk_from tk_id tk_where CONDLIST tk_limit tk_num ; .

    tk_import       reduce using rule 16 (QRS -> tk_select SELEC tk_from tk_id tk_where CONDLIST tk_limit tk_num ; .)
    tk_export       reduce using rule 16 (QRS -> tk_select SELEC tk_from tk_id tk_where CONDLIST tk_limit tk_num ; .)
    tk_discard      reduce using rule 16 (QRS -> tk_select SELEC tk_from tk_id tk_where CONDLIST tk_limit tk_num ; .)
    tk_rename       reduce using rule 16 (QRS -> tk_select SELEC tk_from tk_id tk_where CONDLIST tk_limit tk_num ; .)
    tk_print        reduce using rule 16 (QRS -> tk_select SELEC tk_from tk_id tk_where CONDLIST tk_limit tk_num ; .)
    tk_select       reduce using rule 16 (QRS -> tk_select SELEC tk_from tk_id tk_where CONDLIST tk_limit tk_num ; .)
    tk_create       reduce using rule 16 (QRS -> tk_select SELEC tk_from tk_id tk_where CONDLIST tk_limit tk_num ; .)
    tk_procedure    reduce using rule 16 (QRS -> tk_select SELEC tk_from tk_id tk_where CONDLIST tk_limit tk_num ; .)
    tk_call         reduce using rule 16 (QRS -> tk_select SELEC tk_from tk_id tk_where CONDLIST tk_limit tk_num ; .)
    tk_delete       reduce using rule 16 (QRS -> tk_select SELEC tk_from tk_id tk_where CONDLIST tk_limit tk_num ; .)
    $end            reduce using rule 16 (QRS -> tk_select SELEC tk_from tk_id tk_where CONDLIST tk_limit tk_num ; .)
    tk_end          reduce using rule 16 (QRS -> tk_select SELEC tk_from tk_id tk_where CONDLIST tk_limit tk_num ; .)


state 83

    (29) NEW -> tk_create tk_table tk_id tk_from tk_id tk_join tk_id tk_using ( . tk_id ) ;

    tk_id           shift and go to state 84


state 84

    (29) NEW -> tk_create tk_table tk_id tk_from tk_id tk_join tk_id tk_using ( tk_id . ) ;

    )               shift and go to state 85


state 85

    (29) NEW -> tk_create tk_table tk_id tk_from tk_id tk_join tk_id tk_using ( tk_id ) . ;

    ;               shift and go to state 86


state 86

    (29) NEW -> tk_create tk_table tk_id tk_from tk_id tk_join tk_id tk_using ( tk_id ) ; .

    tk_import       reduce using rule 29 (NEW -> tk_create tk_table tk_id tk_from tk_id tk_join tk_id tk_using ( tk_id ) ; .)
    tk_export       reduce using rule 29 (NEW -> tk_create tk_table tk_id tk_from tk_id tk_join tk_id tk_using ( tk_id ) ; .)
    tk_discard      reduce using rule 29 (NEW -> tk_create tk_table tk_id tk_from tk_id tk_join tk_id tk_using ( tk_id ) ; .)
    tk_rename       reduce using rule 29 (NEW -> tk_create tk_table tk_id tk_from tk_id tk_join tk_id tk_using ( tk_id ) ; .)
    tk_print        reduce using rule 29 (NEW -> tk_create tk_table tk_id tk_from tk_id tk_join tk_id tk_using ( tk_id ) ; .)
    tk_select       reduce using rule 29 (NEW -> tk_create tk_table tk_id tk_from tk_id tk_join tk_id tk_using ( tk_id ) ; .)
    tk_create       reduce using rule 29 (NEW -> tk_create tk_table tk_id tk_from tk_id tk_join tk_id tk_using ( tk_id ) ; .)
    tk_procedure    reduce using rule 29 (NEW -> tk_create tk_table tk_id tk_from tk_id tk_join tk_id tk_using ( tk_id ) ; .)
    tk_call         reduce using rule 29 (NEW -> tk_create tk_table tk_id tk_from tk_id tk_join tk_id tk_using ( tk_id ) ; .)
    tk_delete       reduce using rule 29 (NEW -> tk_create tk_table tk_id tk_from tk_id tk_join tk_id tk_using ( tk_id ) ; .)
    $end            reduce using rule 29 (NEW -> tk_create tk_table tk_id tk_from tk_id tk_join tk_id tk_using ( tk_id ) ; .)
    tk_end          reduce using rule 29 (NEW -> tk_create tk_table tk_id tk_from tk_id tk_join tk_id tk_using ( tk_id ) ; .)

